<?xml version="1.0" encoding="UTF-8"?>
<!-- Generated by org.testng.reporters.JUnitReportReporter -->
<testsuite hostname="Administrator" failures="0" tests="2" name="testNg.DataProviderEx1" time="0.031" errors="0" timestamp="2024-12-19T06:30:53 IST" skipped="0">
  <testcase classname="testNg.DataProviderEx1" name="bookTickets" time="0.027"/>
  <testcase classname="testNg.DataProviderEx1" name="bookTickets" time="0.004"/>
</testsuite> <!-- testNg.DataProviderEx1 -->
