<?xml version="1.0" encoding="UTF-8"?>
<!-- Generated by org.testng.reporters.JUnitReportReporter -->
<testsuite hostname="Administrator" failures="0" tests="3" name="testNg.DataProviderEx2" time="0.038" errors="0" timestamp="2024-12-19T06:28:45 IST" skipped="0">
  <testcase classname="testNg.DataProviderEx2" name="bookTickets" time="0.028"/>
  <testcase classname="testNg.DataProviderEx2" name="bookTickets" time="0.005"/>
  <testcase classname="testNg.DataProviderEx2" name="bookTickets" time="0.005"/>
</testsuite> <!-- testNg.DataProviderEx2 -->
