<?xml version="1.0" encoding="UTF-8"?>
<!-- Generated by org.testng.reporters.JUnitReportReporter -->
<testsuite hostname="Administrator" failures="0" tests="3" name="testNg.DataProviderEx3" time="151.340" errors="0" timestamp="2024-12-19T06:38:53 IST" skipped="0">
  <testcase classname="testNg.DataProviderEx3" name="createOrganization" time="94.343"/>
  <testcase classname="testNg.DataProviderEx3" name="createOrganization" time="26.201"/>
  <testcase classname="testNg.DataProviderEx3" name="createOrganization" time="30.796"/>
</testsuite> <!-- testNg.DataProviderEx3 -->
