<?xml version="1.0" encoding="UTF-8"?>
<!-- Generated by org.testng.reporters.JUnitReportReporter -->
<testsuite hostname="Administrator" failures="0" tests="1" name="Campaign.CreateCampaignsTest" time="61.731" errors="0" timestamp="2024-12-31T07:35:01 IST" skipped="0">
  <testcase classname="Campaign.CreateCampaignsTest" name="execute" time="61.731"/>
  <system-out/>
</testsuite> <!-- Campaign.CreateCampaignsTest -->
