<?xml version="1.0" encoding="UTF-8"?>
<!-- Generated by org.testng.reporters.JUnitReportReporter -->
<testsuite hostname="Administrator" failures="0" tests="5" name="testNg.SampleTest" time="0.075" errors="0" timestamp="2024-12-18T07:41:17 IST" skipped="0">
  <testcase classname="testNg.SampleTest" name="deleteContact" time="0.012"/>
  <testcase classname="testNg.SampleTest" name="modifyContact" time="0.006"/>
  <testcase classname="testNg.SampleTest" name="createContact" time="0.005"/>
  <testcase classname="testNg.SampleTest" name="createContact" time="0.006"/>
  <testcase classname="testNg.SampleTest" name="createContact" time="0.046"/>
</testsuite> <!-- testNg.SampleTest -->
