<?xml version="1.0" encoding="UTF-8"?>
<!-- Generated by org.testng.reporters.JUnitReportReporter -->
<testsuite hostname="Administrator" failures="0" tests="1" name="testNg.HardAssertEx" time="0.056" errors="0" timestamp="2024-12-25T07:54:45 IST" skipped="0">
  <testcase classname="testNg.HardAssertEx" name="m9" time="0.056"/>
  <system-out/>
</testsuite> <!-- testNg.HardAssertEx -->
